2026-03-15 21:44:30,913 INFO o.a.j.u.JMeterUtils: Setting Locale to en_EN
2026-03-15 21:44:30,938 INFO o.a.j.JMeter: Loading user properties from: C:\JMeter\apache-jmeter-5.6.3\bin\user.properties
2026-03-15 21:44:30,938 INFO o.a.j.JMeter: Loading system properties from: C:\JMeter\apache-jmeter-5.6.3\bin\system.properties
2026-03-15 21:44:30,944 INFO o.a.j.JMeter: Copyright (c) 1998-2024 The Apache Software Foundation
2026-03-15 21:44:30,944 INFO o.a.j.JMeter: Version 5.6.3
2026-03-15 21:44:30,944 INFO o.a.j.JMeter: java.version=17.0.18
2026-03-15 21:44:30,944 INFO o.a.j.JMeter: java.vm.name=OpenJDK 64-Bit Server VM
2026-03-15 21:44:30,944 INFO o.a.j.JMeter: os.name=Windows 11
2026-03-15 21:44:30,944 INFO o.a.j.JMeter: os.arch=amd64
2026-03-15 21:44:30,944 INFO o.a.j.JMeter: os.version=10.0
2026-03-15 21:44:30,944 INFO o.a.j.JMeter: file.encoding=Cp1252
2026-03-15 21:44:30,944 INFO o.a.j.JMeter: java.awt.headless=true
2026-03-15 21:44:30,944 INFO o.a.j.JMeter: Max memory     =1073741824
2026-03-15 21:44:30,944 INFO o.a.j.JMeter: Available Processors =8
2026-03-15 21:44:30,953 INFO o.a.j.JMeter: Default Locale=English (EN)
2026-03-15 21:44:30,953 INFO o.a.j.JMeter: JMeter  Locale=English (EN)
2026-03-15 21:44:30,953 INFO o.a.j.JMeter: JMeterHome=C:\JMeter\apache-jmeter-5.6.3
2026-03-15 21:44:30,953 INFO o.a.j.JMeter: user.dir  =C:\JMeter\DemoBlaze
2026-03-15 21:44:30,953 INFO o.a.j.JMeter: PWD       =C:\JMeter\DemoBlaze
2026-03-15 21:44:30,957 INFO o.a.j.JMeter: IP: 172.20.10.2 Name: AMALITECH-PC-GH-4100616 FullName: host.docker.internal
2026-03-15 21:44:30,974 INFO o.a.j.JMeter: Setting property 'jmeter.reportgenerator.outputdir' to:'C:\JMeter\DemoBlaze\reports\baseline\html'
2026-03-15 21:44:30,976 INFO o.a.j.s.FileServer: Default base='C:\JMeter\DemoBlaze'
2026-03-15 21:44:30,976 INFO o.a.j.s.FileServer: Set new base='C:\JMeter\DemoBlaze'
2026-03-15 21:44:31,202 INFO o.a.j.s.SaveService: Testplan (JMX) version: 2.2. Testlog (JTL) version: 2.2
2026-03-15 21:44:31,233 INFO o.a.j.s.SaveService: Using SaveService properties version 5.0
2026-03-15 21:44:31,238 INFO o.a.j.s.SaveService: Using SaveService properties file encoding UTF-8
2026-03-15 21:44:31,242 INFO o.a.j.s.SaveService: Loading file: Demoblaze_Performance_Test.jmx
2026-03-15 21:44:31,276 INFO o.a.j.p.h.c.CookieManager: Settings: Delete null: true Check: true Allow variable: true Save: false Prefix: COOKIE_
2026-03-15 21:44:31,282 INFO o.a.j.p.h.c.CacheManager: Will only cache the following methods: [GET]
2026-03-15 21:44:31,309 INFO o.a.j.p.h.s.HTTPSamplerBase: Parser for text/html is org.apache.jmeter.protocol.http.parser.LagartoBasedHtmlParser
2026-03-15 21:44:31,309 INFO o.a.j.p.h.s.HTTPSamplerBase: Parser for application/xhtml+xml is org.apache.jmeter.protocol.http.parser.LagartoBasedHtmlParser
2026-03-15 21:44:31,309 INFO o.a.j.p.h.s.HTTPSamplerBase: Parser for application/xml is org.apache.jmeter.protocol.http.parser.LagartoBasedHtmlParser
2026-03-15 21:44:31,309 INFO o.a.j.p.h.s.HTTPSamplerBase: Parser for text/xml is org.apache.jmeter.protocol.http.parser.LagartoBasedHtmlParser
2026-03-15 21:44:31,309 INFO o.a.j.p.h.s.HTTPSamplerBase: Parser for text/vnd.wap.wml is org.apache.jmeter.protocol.http.parser.RegexpHTMLParser
2026-03-15 21:44:31,309 INFO o.a.j.p.h.s.HTTPSamplerBase: Parser for text/css is org.apache.jmeter.protocol.http.parser.CssParser
2026-03-15 21:44:31,368 INFO o.a.j.JMeter: Creating summariser <summary>
2026-03-15 21:44:31,382 INFO o.a.j.r.d.ReportGenerator: ReportGenerator will use for Parsing the separator: ','
2026-03-15 21:44:31,382 INFO o.a.j.r.d.ReportGenerator: Will generate report at end of test from  results file: reports\baseline\results.jtl
2026-03-15 21:44:31,382 INFO o.a.j.r.d.ReportGenerator: Reading report generator properties from: C:\JMeter\apache-jmeter-5.6.3\bin\reportgenerator.properties
2026-03-15 21:44:31,382 INFO o.a.j.r.d.ReportGenerator: Merging with JMeter properties
2026-03-15 21:44:31,389 INFO o.a.j.r.c.ReportGeneratorConfiguration: Property 'jmeter.reportgenerator.temp_dir' not found, using default value 'temp' instead.
2026-03-15 21:44:31,389 INFO o.a.j.r.c.ReportGeneratorConfiguration: Property 'jmeter.reportgenerator.apdex_per_transaction' not found, using default value 'null' instead.
2026-03-15 21:44:31,389 INFO o.a.j.r.c.ReportGeneratorConfiguration: apdex_per_transaction is empty, not APDEX per transaction customization
2026-03-15 21:44:31,392 INFO o.a.j.r.c.ReportGeneratorConfiguration: Property 'jmeter.reportgenerator.sample_filter' not found, using default value 'null' instead.
2026-03-15 21:44:31,392 INFO o.a.j.r.c.ReportGeneratorConfiguration: Property 'jmeter.reportgenerator.report_title' not found, using default value 'null' instead.
2026-03-15 21:44:31,392 INFO o.a.j.r.c.ReportGeneratorConfiguration: Property 'jmeter.reportgenerator.start_date' not found, using default value 'null' instead.
2026-03-15 21:44:31,392 INFO o.a.j.r.c.ReportGeneratorConfiguration: Property 'jmeter.reportgenerator.end_date' not found, using default value 'null' instead.
2026-03-15 21:44:31,392 INFO o.a.j.r.c.ReportGeneratorConfiguration: Property 'jmeter.reportgenerator.date_format' not found, using default value 'null' instead.
2026-03-15 21:44:31,393 INFO o.a.j.r.c.ReportGeneratorConfiguration: Will use date range start date: null, end date: null
2026-03-15 21:44:31,396 INFO o.a.j.r.c.ReportGeneratorConfiguration: Property 'jmeter.reportgenerator.graph.totalTPS.exclude_controllers' not found, using default value 'false' instead.
2026-03-15 21:44:31,396 INFO o.a.j.r.c.ReportGeneratorConfiguration: Property 'jmeter.reportgenerator.graph.activeThreadsOverTime.exclude_controllers' not found, using default value 'false' instead.
2026-03-15 21:44:31,396 INFO o.a.j.r.c.ReportGeneratorConfiguration: Property 'jmeter.reportgenerator.graph.timeVsThreads.exclude_controllers' not found, using default value 'false' instead.
2026-03-15 21:44:31,396 INFO o.a.j.r.c.ReportGeneratorConfiguration: Property 'jmeter.reportgenerator.graph.responseTimeDistribution.exclude_controllers' not found, using default value 'false' instead.
2026-03-15 21:44:31,396 INFO o.a.j.r.c.ReportGeneratorConfiguration: Property 'jmeter.reportgenerator.graph.transactionsPerSecond.exclude_controllers' not found, using default value 'false' instead.
2026-03-15 21:44:31,398 INFO o.a.j.r.c.ReportGeneratorConfiguration: Property 'jmeter.reportgenerator.graph.responseTimePercentiles.exclude_controllers' not found, using default value 'false' instead.
2026-03-15 21:44:31,398 INFO o.a.j.r.c.ReportGeneratorConfiguration: Property 'jmeter.reportgenerator.graph.responseTimePercentilesOverTime.exclude_controllers' not found, using default value 'false' instead.
2026-03-15 21:44:31,398 INFO o.a.j.r.c.ReportGeneratorConfiguration: Property 'jmeter.reportgenerator.graph.responseTimesOverTime.exclude_controllers' not found, using default value 'false' instead.
2026-03-15 21:44:31,398 INFO o.a.j.r.c.ReportGeneratorConfiguration: Property 'jmeter.reportgenerator.graph.connectTimeOverTime.exclude_controllers' not found, using default value 'false' instead.
2026-03-15 21:44:31,398 INFO o.a.j.r.c.ReportGeneratorConfiguration: Property 'jmeter.reportgenerator.graph.latenciesOverTime.exclude_controllers' not found, using default value 'false' instead.
2026-03-15 21:44:31,400 INFO o.a.j.r.c.ReportGeneratorConfiguration: Property 'jmeter.reportgenerator.exporter.json.filters_only_sample_series' not found, using default value 'true' instead.
2026-03-15 21:44:31,400 INFO o.a.j.r.c.ReportGeneratorConfiguration: Property 'jmeter.reportgenerator.exporter.json.series_filter' not found, using default value '' instead.
2026-03-15 21:44:31,400 INFO o.a.j.r.c.ReportGeneratorConfiguration: Property 'jmeter.reportgenerator.exporter.json.show_controllers_only' not found, using default value 'false' instead.
2026-03-15 21:44:31,400 INFO o.a.j.r.c.ReportGeneratorConfiguration: Property 'jmeter.reportgenerator.exporter.html.filters_only_sample_series' not found, using default value 'true' instead.
2026-03-15 21:44:31,400 INFO o.a.j.r.c.ReportGeneratorConfiguration: Property 'jmeter.reportgenerator.exporter.html.series_filter' not found, using default value '' instead.
2026-03-15 21:44:31,400 INFO o.a.j.r.c.ReportGeneratorConfiguration: Property 'jmeter.reportgenerator.exporter.html.show_controllers_only' not found, using default value 'false' instead.
2026-03-15 21:44:31,410 INFO o.a.j.e.StandardJMeterEngine: Running the test!
2026-03-15 21:44:31,410 INFO o.a.j.s.SampleEvent: List of sample_variables: []
2026-03-15 21:44:31,410 INFO o.a.j.s.SampleEvent: List of sample_variables: []
2026-03-15 21:44:31,416 INFO o.a.j.e.u.CompoundVariable: Note: Function class names must contain the string: '.functions.'
2026-03-15 21:44:31,416 INFO o.a.j.e.u.CompoundVariable: Note: Function class names must not contain the string: '.gui.'
2026-03-15 21:44:31,628 INFO o.a.j.JMeter: Running test (1773611071628)
2026-03-15 21:44:31,642 INFO o.a.j.e.StandardJMeterEngine: Starting ThreadGroup: 1 : TG1 - Light Load (50 Users - Baseline)
2026-03-15 21:44:31,642 INFO o.a.j.e.StandardJMeterEngine: Starting 50 threads for group TG1 - Light Load (50 Users - Baseline).
2026-03-15 21:44:31,642 INFO o.a.j.e.StandardJMeterEngine: Thread will continue on error
2026-03-15 21:44:31,642 INFO o.a.j.t.ThreadGroup: Starting thread group... number=1 threads=50 ramp-up=60 delayedStart=false
2026-03-15 21:44:31,667 INFO o.a.j.s.SampleResult: Note: Sample TimeStamps are START times
2026-03-15 21:44:31,667 INFO o.a.j.s.SampleResult: sampleresult.default.encoding is set to UTF-8
2026-03-15 21:44:31,667 INFO o.a.j.s.SampleResult: sampleresult.useNanoTime=true
2026-03-15 21:44:31,667 INFO o.a.j.s.SampleResult: sampleresult.nanoThreadSleep=5000
2026-03-15 21:44:31,678 INFO o.a.j.t.JMeterThread: Thread started: TG1 - Light Load (50 Users - Baseline) 1-1
2026-03-15 21:44:31,710 INFO o.a.j.t.ThreadGroup: Started thread group number 1
2026-03-15 21:44:31,710 INFO o.a.j.e.StandardJMeterEngine: All thread groups have been started
2026-03-15 21:44:32,875 INFO o.a.j.t.JMeterThread: Thread started: TG1 - Light Load (50 Users - Baseline) 1-2
2026-03-15 21:44:33,493 INFO o.a.j.p.h.s.HTTPHCAbstractImpl: Local host = AMALITECH-PC-GH-4100616
2026-03-15 21:44:33,496 INFO o.a.j.p.h.s.HTTPHC4Impl: HTTP request retry count = 0
2026-03-15 21:44:33,561 INFO o.a.j.p.h.s.h.LazyLayeredConnectionSocketFactory: Setting up HTTPS TrustAll Socket Factory
2026-03-15 21:44:33,566 INFO o.a.j.u.JsseSSLManager: Using default SSL protocol: TLS
2026-03-15 21:44:33,566 INFO o.a.j.u.JsseSSLManager: SSL session context: per-thread
2026-03-15 21:44:33,847 INFO o.a.j.u.SSLManager: JmeterKeyStore Location:  type JKS
2026-03-15 21:44:33,853 INFO o.a.j.u.SSLManager: KeyStore created OK
2026-03-15 21:44:33,853 WARN o.a.j.u.SSLManager: Keystore file not found, loading empty keystore
2026-03-15 21:44:34,073 INFO o.a.j.t.JMeterThread: Thread started: TG1 - Light Load (50 Users - Baseline) 1-3
2026-03-15 21:44:35,269 INFO o.a.j.t.JMeterThread: Thread started: TG1 - Light Load (50 Users - Baseline) 1-4
2026-03-15 21:44:36,470 INFO o.a.j.t.JMeterThread: Thread started: TG1 - Light Load (50 Users - Baseline) 1-5
2026-03-15 21:44:37,667 INFO o.a.j.t.JMeterThread: Thread started: TG1 - Light Load (50 Users - Baseline) 1-6
2026-03-15 21:44:38,863 INFO o.a.j.t.JMeterThread: Thread started: TG1 - Light Load (50 Users - Baseline) 1-7
2026-03-15 21:44:40,062 INFO o.a.j.t.JMeterThread: Thread started: TG1 - Light Load (50 Users - Baseline) 1-8
2026-03-15 21:44:41,262 INFO o.a.j.t.JMeterThread: Thread started: TG1 - Light Load (50 Users - Baseline) 1-9
2026-03-15 21:44:42,454 INFO o.a.j.t.JMeterThread: Thread started: TG1 - Light Load (50 Users - Baseline) 1-10
2026-03-15 21:44:43,653 INFO o.a.j.t.JMeterThread: Thread started: TG1 - Light Load (50 Users - Baseline) 1-11
2026-03-15 21:44:44,852 INFO o.a.j.t.JMeterThread: Thread started: TG1 - Light Load (50 Users - Baseline) 1-12
2026-03-15 21:44:46,053 INFO o.a.j.t.JMeterThread: Thread started: TG1 - Light Load (50 Users - Baseline) 1-13
2026-03-15 21:44:47,252 INFO o.a.j.t.JMeterThread: Thread started: TG1 - Light Load (50 Users - Baseline) 1-14
2026-03-15 21:44:48,451 INFO o.a.j.t.JMeterThread: Thread started: TG1 - Light Load (50 Users - Baseline) 1-15
2026-03-15 21:44:49,650 INFO o.a.j.t.JMeterThread: Thread started: TG1 - Light Load (50 Users - Baseline) 1-16
2026-03-15 21:44:50,849 INFO o.a.j.t.JMeterThread: Thread started: TG1 - Light Load (50 Users - Baseline) 1-17
2026-03-15 21:44:52,050 INFO o.a.j.t.JMeterThread: Thread started: TG1 - Light Load (50 Users - Baseline) 1-18
2026-03-15 21:44:53,246 INFO o.a.j.t.JMeterThread: Thread started: TG1 - Light Load (50 Users - Baseline) 1-19
2026-03-15 21:44:54,446 INFO o.a.j.t.JMeterThread: Thread started: TG1 - Light Load (50 Users - Baseline) 1-20
2026-03-15 21:44:55,646 INFO o.a.j.t.JMeterThread: Thread started: TG1 - Light Load (50 Users - Baseline) 1-21
2026-03-15 21:44:56,846 INFO o.a.j.t.JMeterThread: Thread started: TG1 - Light Load (50 Users - Baseline) 1-22
2026-03-15 21:44:58,045 INFO o.a.j.t.JMeterThread: Thread started: TG1 - Light Load (50 Users - Baseline) 1-23
2026-03-15 21:44:59,245 INFO o.a.j.t.JMeterThread: Thread started: TG1 - Light Load (50 Users - Baseline) 1-24
2026-03-15 21:45:00,446 INFO o.a.j.t.JMeterThread: Thread started: TG1 - Light Load (50 Users - Baseline) 1-25
2026-03-15 21:45:01,645 INFO o.a.j.t.JMeterThread: Thread started: TG1 - Light Load (50 Users - Baseline) 1-26
2026-03-15 21:45:02,845 INFO o.a.j.t.JMeterThread: Thread started: TG1 - Light Load (50 Users - Baseline) 1-27
2026-03-15 21:45:04,046 INFO o.a.j.t.JMeterThread: Thread started: TG1 - Light Load (50 Users - Baseline) 1-28
2026-03-15 21:45:05,245 INFO o.a.j.t.JMeterThread: Thread started: TG1 - Light Load (50 Users - Baseline) 1-29
2026-03-15 21:45:06,445 INFO o.a.j.t.JMeterThread: Thread started: TG1 - Light Load (50 Users - Baseline) 1-30
2026-03-15 21:45:07,645 INFO o.a.j.t.JMeterThread: Thread started: TG1 - Light Load (50 Users - Baseline) 1-31
2026-03-15 21:45:08,845 INFO o.a.j.t.JMeterThread: Thread started: TG1 - Light Load (50 Users - Baseline) 1-32
2026-03-15 21:45:10,046 INFO o.a.j.t.JMeterThread: Thread started: TG1 - Light Load (50 Users - Baseline) 1-33
2026-03-15 21:45:11,245 INFO o.a.j.t.JMeterThread: Thread started: TG1 - Light Load (50 Users - Baseline) 1-34
2026-03-15 21:45:12,445 INFO o.a.j.t.JMeterThread: Thread started: TG1 - Light Load (50 Users - Baseline) 1-35
2026-03-15 21:45:13,644 INFO o.a.j.t.JMeterThread: Thread started: TG1 - Light Load (50 Users - Baseline) 1-36
2026-03-15 21:45:14,455 INFO o.a.j.t.JMeterThread: Thread is done: TG1 - Light Load (50 Users - Baseline) 1-1
2026-03-15 21:45:14,456 INFO o.a.j.t.JMeterThread: Thread finished: TG1 - Light Load (50 Users - Baseline) 1-1
2026-03-15 21:45:14,844 INFO o.a.j.t.JMeterThread: Thread started: TG1 - Light Load (50 Users - Baseline) 1-37
2026-03-15 21:45:16,043 INFO o.a.j.t.JMeterThread: Thread started: TG1 - Light Load (50 Users - Baseline) 1-38
2026-03-15 21:45:17,243 INFO o.a.j.t.JMeterThread: Thread started: TG1 - Light Load (50 Users - Baseline) 1-39
2026-03-15 21:45:18,443 INFO o.a.j.t.JMeterThread: Thread started: TG1 - Light Load (50 Users - Baseline) 1-40
2026-03-15 21:45:19,235 INFO o.a.j.t.JMeterThread: Thread is done: TG1 - Light Load (50 Users - Baseline) 1-3
2026-03-15 21:45:19,235 INFO o.a.j.t.JMeterThread: Thread finished: TG1 - Light Load (50 Users - Baseline) 1-3
2026-03-15 21:45:19,643 INFO o.a.j.t.JMeterThread: Thread started: TG1 - Light Load (50 Users - Baseline) 1-41
2026-03-15 21:45:20,846 INFO o.a.j.t.JMeterThread: Thread started: TG1 - Light Load (50 Users - Baseline) 1-42
2026-03-15 21:45:22,043 INFO o.a.j.t.JMeterThread: Thread started: TG1 - Light Load (50 Users - Baseline) 1-43
2026-03-15 21:45:23,243 INFO o.a.j.t.JMeterThread: Thread started: TG1 - Light Load (50 Users - Baseline) 1-44
2026-03-15 21:45:24,444 INFO o.a.j.t.JMeterThread: Thread started: TG1 - Light Load (50 Users - Baseline) 1-45
2026-03-15 21:45:25,644 INFO o.a.j.t.JMeterThread: Thread started: TG1 - Light Load (50 Users - Baseline) 1-46
2026-03-15 21:45:25,833 INFO o.a.j.t.JMeterThread: Thread is done: TG1 - Light Load (50 Users - Baseline) 1-10
2026-03-15 21:45:25,833 INFO o.a.j.t.JMeterThread: Thread finished: TG1 - Light Load (50 Users - Baseline) 1-10
2026-03-15 21:45:26,168 INFO o.a.j.t.JMeterThread: Thread is done: TG1 - Light Load (50 Users - Baseline) 1-2
2026-03-15 21:45:26,168 INFO o.a.j.t.JMeterThread: Thread finished: TG1 - Light Load (50 Users - Baseline) 1-2
2026-03-15 21:45:26,846 INFO o.a.j.t.JMeterThread: Thread started: TG1 - Light Load (50 Users - Baseline) 1-47
2026-03-15 21:45:28,044 INFO o.a.j.t.JMeterThread: Thread started: TG1 - Light Load (50 Users - Baseline) 1-48
2026-03-15 21:45:28,187 INFO o.a.j.t.JMeterThread: Thread is done: TG1 - Light Load (50 Users - Baseline) 1-7
2026-03-15 21:45:28,187 INFO o.a.j.t.JMeterThread: Thread finished: TG1 - Light Load (50 Users - Baseline) 1-7
2026-03-15 21:45:29,245 INFO o.a.j.t.JMeterThread: Thread started: TG1 - Light Load (50 Users - Baseline) 1-49
2026-03-15 21:45:29,558 INFO o.a.j.t.JMeterThread: Thread is done: TG1 - Light Load (50 Users - Baseline) 1-11
2026-03-15 21:45:29,558 INFO o.a.j.t.JMeterThread: Thread finished: TG1 - Light Load (50 Users - Baseline) 1-11
2026-03-15 21:45:29,914 INFO o.a.j.t.JMeterThread: Thread is done: TG1 - Light Load (50 Users - Baseline) 1-6
2026-03-15 21:45:29,914 INFO o.a.j.t.JMeterThread: Thread finished: TG1 - Light Load (50 Users - Baseline) 1-6
2026-03-15 21:45:30,445 INFO o.a.j.t.JMeterThread: Thread started: TG1 - Light Load (50 Users - Baseline) 1-50
2026-03-15 21:45:30,986 INFO o.a.j.t.JMeterThread: Thread is done: TG1 - Light Load (50 Users - Baseline) 1-5
2026-03-15 21:45:30,987 INFO o.a.j.t.JMeterThread: Thread finished: TG1 - Light Load (50 Users - Baseline) 1-5
2026-03-15 21:45:31,329 INFO o.a.j.t.JMeterThread: Thread is done: TG1 - Light Load (50 Users - Baseline) 1-4
2026-03-15 21:45:31,330 INFO o.a.j.t.JMeterThread: Thread finished: TG1 - Light Load (50 Users - Baseline) 1-4
2026-03-15 21:45:32,699 INFO o.a.j.t.JMeterThread: Thread is done: TG1 - Light Load (50 Users - Baseline) 1-9
2026-03-15 21:45:32,699 INFO o.a.j.t.JMeterThread: Thread finished: TG1 - Light Load (50 Users - Baseline) 1-9
2026-03-15 21:45:32,916 INFO o.a.j.t.JMeterThread: Thread is done: TG1 - Light Load (50 Users - Baseline) 1-14
2026-03-15 21:45:32,916 INFO o.a.j.t.JMeterThread: Thread finished: TG1 - Light Load (50 Users - Baseline) 1-14
2026-03-15 21:45:33,470 INFO o.a.j.t.JMeterThread: Thread is done: TG1 - Light Load (50 Users - Baseline) 1-16
2026-03-15 21:45:33,471 INFO o.a.j.t.JMeterThread: Thread finished: TG1 - Light Load (50 Users - Baseline) 1-16
2026-03-15 21:45:37,910 INFO o.a.j.t.JMeterThread: Thread is done: TG1 - Light Load (50 Users - Baseline) 1-13
2026-03-15 21:45:37,910 INFO o.a.j.t.JMeterThread: Thread finished: TG1 - Light Load (50 Users - Baseline) 1-13
2026-03-15 21:45:38,712 INFO o.a.j.t.JMeterThread: Thread is done: TG1 - Light Load (50 Users - Baseline) 1-17
2026-03-15 21:45:38,712 INFO o.a.j.t.JMeterThread: Thread finished: TG1 - Light Load (50 Users - Baseline) 1-17
2026-03-15 21:45:39,964 INFO o.a.j.t.JMeterThread: Thread is done: TG1 - Light Load (50 Users - Baseline) 1-8
2026-03-15 21:45:39,965 INFO o.a.j.t.JMeterThread: Thread finished: TG1 - Light Load (50 Users - Baseline) 1-8
2026-03-15 21:45:40,367 INFO o.a.j.t.JMeterThread: Thread is done: TG1 - Light Load (50 Users - Baseline) 1-21
2026-03-15 21:45:40,367 INFO o.a.j.t.JMeterThread: Thread finished: TG1 - Light Load (50 Users - Baseline) 1-21
2026-03-15 21:45:41,528 INFO o.a.j.t.JMeterThread: Thread is done: TG1 - Light Load (50 Users - Baseline) 1-19
2026-03-15 21:45:41,528 INFO o.a.j.t.JMeterThread: Thread finished: TG1 - Light Load (50 Users - Baseline) 1-19
2026-03-15 21:45:42,003 INFO o.a.j.t.JMeterThread: Thread is done: TG1 - Light Load (50 Users - Baseline) 1-15
2026-03-15 21:45:42,003 INFO o.a.j.t.JMeterThread: Thread finished: TG1 - Light Load (50 Users - Baseline) 1-15
2026-03-15 21:45:43,158 INFO o.a.j.t.JMeterThread: Thread is done: TG1 - Light Load (50 Users - Baseline) 1-22
2026-03-15 21:45:43,158 INFO o.a.j.t.JMeterThread: Thread finished: TG1 - Light Load (50 Users - Baseline) 1-22
2026-03-15 21:45:44,480 INFO o.a.j.t.JMeterThread: Thread is done: TG1 - Light Load (50 Users - Baseline) 1-23
2026-03-15 21:45:44,480 INFO o.a.j.t.JMeterThread: Thread finished: TG1 - Light Load (50 Users - Baseline) 1-23
2026-03-15 21:45:44,735 INFO o.a.j.t.JMeterThread: Thread is done: TG1 - Light Load (50 Users - Baseline) 1-18
2026-03-15 21:45:44,735 INFO o.a.j.t.JMeterThread: Thread finished: TG1 - Light Load (50 Users - Baseline) 1-18
2026-03-15 21:45:46,203 INFO o.a.j.t.JMeterThread: Thread is done: TG1 - Light Load (50 Users - Baseline) 1-28
2026-03-15 21:45:46,204 INFO o.a.j.t.JMeterThread: Thread finished: TG1 - Light Load (50 Users - Baseline) 1-28
2026-03-15 21:45:46,750 INFO o.a.j.t.JMeterThread: Thread is done: TG1 - Light Load (50 Users - Baseline) 1-12
2026-03-15 21:45:46,750 INFO o.a.j.t.JMeterThread: Thread finished: TG1 - Light Load (50 Users - Baseline) 1-12
2026-03-15 21:45:46,885 INFO o.a.j.t.JMeterThread: Thread is done: TG1 - Light Load (50 Users - Baseline) 1-20
2026-03-15 21:45:46,886 INFO o.a.j.t.JMeterThread: Thread finished: TG1 - Light Load (50 Users - Baseline) 1-20
2026-03-15 21:45:47,966 INFO o.a.j.t.JMeterThread: Thread is done: TG1 - Light Load (50 Users - Baseline) 1-24
2026-03-15 21:45:47,966 INFO o.a.j.t.JMeterThread: Thread finished: TG1 - Light Load (50 Users - Baseline) 1-24
2026-03-15 21:45:52,220 INFO o.a.j.t.JMeterThread: Thread is done: TG1 - Light Load (50 Users - Baseline) 1-32
2026-03-15 21:45:52,221 INFO o.a.j.t.JMeterThread: Thread finished: TG1 - Light Load (50 Users - Baseline) 1-32
2026-03-15 21:45:54,055 INFO o.a.j.t.JMeterThread: Thread is done: TG1 - Light Load (50 Users - Baseline) 1-30
2026-03-15 21:45:54,055 INFO o.a.j.t.JMeterThread: Thread finished: TG1 - Light Load (50 Users - Baseline) 1-30
2026-03-15 21:45:54,180 INFO o.a.j.t.JMeterThread: Thread is done: TG1 - Light Load (50 Users - Baseline) 1-29
2026-03-15 21:45:54,181 INFO o.a.j.t.JMeterThread: Thread finished: TG1 - Light Load (50 Users - Baseline) 1-29
2026-03-15 21:45:54,985 INFO o.a.j.t.JMeterThread: Thread is done: TG1 - Light Load (50 Users - Baseline) 1-34
2026-03-15 21:45:54,985 INFO o.a.j.t.JMeterThread: Thread finished: TG1 - Light Load (50 Users - Baseline) 1-34
2026-03-15 21:45:55,010 INFO o.a.j.t.JMeterThread: Thread is done: TG1 - Light Load (50 Users - Baseline) 1-25
2026-03-15 21:45:55,010 INFO o.a.j.t.JMeterThread: Thread finished: TG1 - Light Load (50 Users - Baseline) 1-25
2026-03-15 21:45:55,173 INFO o.a.j.t.JMeterThread: Thread is done: TG1 - Light Load (50 Users - Baseline) 1-37
2026-03-15 21:45:55,173 INFO o.a.j.t.JMeterThread: Thread finished: TG1 - Light Load (50 Users - Baseline) 1-37
2026-03-15 21:45:56,118 INFO o.a.j.t.JMeterThread: Thread is done: TG1 - Light Load (50 Users - Baseline) 1-26
2026-03-15 21:45:56,118 INFO o.a.j.t.JMeterThread: Thread finished: TG1 - Light Load (50 Users - Baseline) 1-26
2026-03-15 21:45:58,772 INFO o.a.j.t.JMeterThread: Thread is done: TG1 - Light Load (50 Users - Baseline) 1-31
2026-03-15 21:45:58,772 INFO o.a.j.t.JMeterThread: Thread finished: TG1 - Light Load (50 Users - Baseline) 1-31
2026-03-15 21:45:59,301 INFO o.a.j.t.JMeterThread: Thread is done: TG1 - Light Load (50 Users - Baseline) 1-27
2026-03-15 21:45:59,301 INFO o.a.j.t.JMeterThread: Thread finished: TG1 - Light Load (50 Users - Baseline) 1-27
2026-03-15 21:45:59,974 INFO o.a.j.t.JMeterThread: Thread is done: TG1 - Light Load (50 Users - Baseline) 1-36
2026-03-15 21:45:59,974 INFO o.a.j.t.JMeterThread: Thread finished: TG1 - Light Load (50 Users - Baseline) 1-36
2026-03-15 21:46:02,386 INFO o.a.j.t.JMeterThread: Thread is done: TG1 - Light Load (50 Users - Baseline) 1-35
2026-03-15 21:46:02,386 INFO o.a.j.t.JMeterThread: Thread finished: TG1 - Light Load (50 Users - Baseline) 1-35
2026-03-15 21:46:05,699 INFO o.a.j.t.JMeterThread: Thread is done: TG1 - Light Load (50 Users - Baseline) 1-33
2026-03-15 21:46:05,700 INFO o.a.j.t.JMeterThread: Thread finished: TG1 - Light Load (50 Users - Baseline) 1-33
2026-03-15 21:46:11,468 INFO o.a.j.t.JMeterThread: Thread is done: TG1 - Light Load (50 Users - Baseline) 1-42
2026-03-15 21:46:11,468 INFO o.a.j.t.JMeterThread: Thread finished: TG1 - Light Load (50 Users - Baseline) 1-42
2026-03-15 21:46:12,130 INFO o.a.j.t.JMeterThread: Thread is done: TG1 - Light Load (50 Users - Baseline) 1-41
2026-03-15 21:46:12,130 INFO o.a.j.t.JMeterThread: Thread finished: TG1 - Light Load (50 Users - Baseline) 1-41
2026-03-15 21:46:12,232 INFO o.a.j.t.JMeterThread: Thread is done: TG1 - Light Load (50 Users - Baseline) 1-45
2026-03-15 21:46:12,232 INFO o.a.j.t.JMeterThread: Thread finished: TG1 - Light Load (50 Users - Baseline) 1-45
2026-03-15 21:46:12,595 INFO o.a.j.t.JMeterThread: Thread is done: TG1 - Light Load (50 Users - Baseline) 1-40
2026-03-15 21:46:12,595 INFO o.a.j.t.JMeterThread: Thread finished: TG1 - Light Load (50 Users - Baseline) 1-40
2026-03-15 21:46:14,459 INFO o.a.j.t.JMeterThread: Thread is done: TG1 - Light Load (50 Users - Baseline) 1-44
2026-03-15 21:46:14,459 INFO o.a.j.t.JMeterThread: Thread finished: TG1 - Light Load (50 Users - Baseline) 1-44
2026-03-15 21:46:16,196 INFO o.a.j.t.JMeterThread: Thread is done: TG1 - Light Load (50 Users - Baseline) 1-46
2026-03-15 21:46:16,197 INFO o.a.j.t.JMeterThread: Thread finished: TG1 - Light Load (50 Users - Baseline) 1-46
2026-03-15 21:46:17,550 INFO o.a.j.t.JMeterThread: Thread is done: TG1 - Light Load (50 Users - Baseline) 1-39
2026-03-15 21:46:17,552 INFO o.a.j.t.JMeterThread: Thread finished: TG1 - Light Load (50 Users - Baseline) 1-39
2026-03-15 21:46:18,016 INFO o.a.j.t.JMeterThread: Thread is done: TG1 - Light Load (50 Users - Baseline) 1-38
2026-03-15 21:46:18,016 INFO o.a.j.t.JMeterThread: Thread finished: TG1 - Light Load (50 Users - Baseline) 1-38
2026-03-15 21:46:18,620 INFO o.a.j.t.JMeterThread: Thread is done: TG1 - Light Load (50 Users - Baseline) 1-48
2026-03-15 21:46:18,620 INFO o.a.j.t.JMeterThread: Thread finished: TG1 - Light Load (50 Users - Baseline) 1-48
2026-03-15 21:46:18,819 INFO o.a.j.t.JMeterThread: Thread is done: TG1 - Light Load (50 Users - Baseline) 1-49
2026-03-15 21:46:18,819 INFO o.a.j.t.JMeterThread: Thread finished: TG1 - Light Load (50 Users - Baseline) 1-49
2026-03-15 21:46:19,396 INFO o.a.j.t.JMeterThread: Thread is done: TG1 - Light Load (50 Users - Baseline) 1-47
2026-03-15 21:46:19,396 INFO o.a.j.t.JMeterThread: Thread finished: TG1 - Light Load (50 Users - Baseline) 1-47
2026-03-15 21:46:20,058 INFO o.a.j.t.JMeterThread: Thread is done: TG1 - Light Load (50 Users - Baseline) 1-50
2026-03-15 21:46:20,058 INFO o.a.j.t.JMeterThread: Thread finished: TG1 - Light Load (50 Users - Baseline) 1-50
2026-03-15 21:46:21,925 INFO o.a.j.t.JMeterThread: Thread is done: TG1 - Light Load (50 Users - Baseline) 1-43
2026-03-15 21:46:21,925 INFO o.a.j.t.JMeterThread: Thread finished: TG1 - Light Load (50 Users - Baseline) 1-43
2026-03-15 21:46:21,927 INFO o.a.j.e.StandardJMeterEngine: Notifying test listeners of end of test
2026-03-15 21:46:21,927 INFO o.a.j.r.Summariser: summary =      0 in 00:00:00 = ******/s Avg:     0 Min: 9223372036854775807 Max: -9223372036854775808 Err:     0 (0.00%)
2026-03-15 21:46:21,930 INFO o.a.j.JMeter: Generating Dashboard
2026-03-15 21:46:21,930 INFO o.a.j.r.d.ReportGenerator: Flushing result collector before report Generation
2026-03-15 21:46:21,988 INFO o.a.j.r.p.NormalizerSampleConsumer: Using format, 'ms', to parse timeStamp field
2026-03-15 21:46:22,236 INFO o.a.j.r.p.AbstractSampleConsumer: class org.apache.jmeter.report.processor.AggregateConsumer#stopProducing(): beginDate produced 0 samples
2026-03-15 21:46:22,236 INFO o.a.j.r.p.AbstractSampleConsumer: class org.apache.jmeter.report.processor.AggregateConsumer#stopProducing(): endDate produced 0 samples
2026-03-15 21:46:22,238 INFO o.a.j.r.p.AbstractSampleConsumer: class org.apache.jmeter.report.processor.ApdexSummaryConsumer#stopProducing(): apdexSummary produced 0 samples
2026-03-15 21:46:22,238 INFO o.a.j.r.p.AbstractSampleConsumer: class org.apache.jmeter.report.processor.RequestsSummaryConsumer#stopProducing(): requestsSummary produced 0 samples
2026-03-15 21:46:22,246 INFO o.a.j.r.p.AbstractSampleConsumer: class org.apache.jmeter.report.processor.StatisticsSummaryConsumer#stopProducing(): statisticsSummary produced 0 samples
2026-03-15 21:46:22,246 INFO o.a.j.r.p.AbstractSampleConsumer: class org.apache.jmeter.report.processor.Top5ErrorsBySamplerConsumer#stopProducing(): top5ErrorsBySampler produced 0 samples
2026-03-15 21:46:22,246 INFO o.a.j.r.p.AbstractSampleConsumer: class org.apache.jmeter.report.processor.ErrorsSummaryConsumer#stopProducing(): errorsSummary produced 0 samples
2026-03-15 21:46:22,246 INFO o.a.j.r.p.AbstractSampleConsumer: class org.apache.jmeter.report.processor.graph.impl.HitsPerSecondGraphConsumer#stopProducing(): hitsPerSecond produced 0 samples
2026-03-15 21:46:22,338 INFO o.a.j.r.p.AbstractSampleConsumer: class org.apache.jmeter.report.processor.graph.impl.LatencyVSRequestGraphConsumer#stopProducing(): latencyVsRequest produced 0 samples
2026-03-15 21:46:22,338 INFO o.a.j.r.p.AbstractSampleConsumer: class org.apache.jmeter.report.processor.graph.impl.SyntheticResponseTimeDistributionGraphConsumer#stopProducing(): syntheticResponseTimeDistribution produced 0 samples
2026-03-15 21:46:22,338 INFO o.a.j.r.p.AbstractSampleConsumer: class org.apache.jmeter.report.processor.graph.impl.BytesThroughputGraphConsumer#stopProducing(): bytesThroughputOverTime produced 0 samples
2026-03-15 21:46:22,338 INFO o.a.j.r.p.AbstractSampleConsumer: class org.apache.jmeter.report.processor.graph.impl.CodesPerSecondGraphConsumer#stopProducing(): codesPerSecond produced 0 samples
2026-03-15 21:46:22,412 INFO o.a.j.r.p.AbstractSampleConsumer: class org.apache.jmeter.report.processor.graph.impl.ResponseTimeVSRequestGraphConsumer#stopProducing(): responseTimeVsRequest produced 0 samples
2026-03-15 21:46:22,412 INFO o.a.j.r.p.AbstractSampleConsumer: class org.apache.jmeter.report.processor.FilterConsumer#stopProducing(): startIntervalControlerFilter produced 18900 samples
2026-03-15 21:46:22,412 INFO o.a.j.r.p.AbstractSampleConsumer: class org.apache.jmeter.report.processor.graph.impl.TotalTPSGraphConsumer#stopProducing(): totalTPS produced 0 samples
2026-03-15 21:46:22,412 INFO o.a.j.r.p.AbstractSampleConsumer: class org.apache.jmeter.report.processor.graph.impl.ActiveThreadsGraphConsumer#stopProducing(): activeThreadsOverTime produced 0 samples
2026-03-15 21:46:22,412 INFO o.a.j.r.p.AbstractSampleConsumer: class org.apache.jmeter.report.processor.graph.impl.TimeVSThreadGraphConsumer#stopProducing(): timeVsThreads produced 0 samples
2026-03-15 21:46:22,416 INFO o.a.j.r.p.AbstractSampleConsumer: class org.apache.jmeter.report.processor.graph.impl.ResponseTimeDistributionGraphConsumer#stopProducing(): responseTimeDistribution produced 0 samples
2026-03-15 21:46:22,416 INFO o.a.j.r.p.AbstractSampleConsumer: class org.apache.jmeter.report.processor.graph.impl.TransactionsPerSecondGraphConsumer#stopProducing(): transactionsPerSecond produced 0 samples
2026-03-15 21:46:22,416 INFO o.a.j.r.p.AbstractSampleConsumer: class org.apache.jmeter.report.processor.graph.impl.ResponseTimePercentilesGraphConsumer#stopProducing(): responseTimePercentiles produced 0 samples
2026-03-15 21:46:22,423 INFO o.a.j.r.p.AbstractSampleConsumer: class org.apache.jmeter.report.processor.graph.impl.ResponseTimePercentilesOverTimeGraphConsumer#stopProducing(): responseTimePercentilesOverTime produced 0 samples
2026-03-15 21:46:22,423 INFO o.a.j.r.p.AbstractSampleConsumer: class org.apache.jmeter.report.processor.graph.impl.ResponseTimeOverTimeGraphConsumer#stopProducing(): responseTimesOverTime produced 0 samples
2026-03-15 21:46:22,426 INFO o.a.j.r.p.AbstractSampleConsumer: class org.apache.jmeter.report.processor.graph.impl.ConnectTimeOverTimeGraphConsumer#stopProducing(): connectTimeOverTime produced 0 samples
2026-03-15 21:46:22,426 INFO o.a.j.r.p.AbstractSampleConsumer: class org.apache.jmeter.report.processor.graph.impl.LatencyOverTimeGraphConsumer#stopProducing(): latenciesOverTime produced 0 samples
2026-03-15 21:46:22,426 INFO o.a.j.r.p.AbstractSampleConsumer: class org.apache.jmeter.report.processor.FilterConsumer#stopProducing(): nameFilter produced 81000 samples
2026-03-15 21:46:22,426 INFO o.a.j.r.p.AbstractSampleConsumer: class org.apache.jmeter.report.processor.FilterConsumer#stopProducing(): dateRangeFilter produced 16200 samples
2026-03-15 21:46:22,426 INFO o.a.j.r.p.AbstractSampleConsumer: class org.apache.jmeter.report.processor.NormalizerSampleConsumer#stopProducing(): normalizer produced 5400 samples
2026-03-15 21:46:22,426 INFO o.a.j.r.p.CsvFileSampleSource: produce(): 5400 samples produced in 417ms on channel 0
2026-03-15 21:46:22,426 INFO o.a.j.r.d.ReportGenerator: Exporting data using exporter:'json' of className:'org.apache.jmeter.report.dashboard.JsonExporter'
2026-03-15 21:46:22,506 INFO o.a.j.r.d.JsonExporter: Found data for consumer statisticsSummary in context
2026-03-15 21:46:22,506 INFO o.a.j.r.d.JsonExporter: Creating statistics for overall
2026-03-15 21:46:22,506 INFO o.a.j.r.d.JsonExporter: Creating statistics for other transactions
2026-03-15 21:46:22,506 INFO o.a.j.r.d.JsonExporter: Checking output folder
2026-03-15 21:46:22,506 INFO o.a.j.r.d.JsonExporter: Writing statistics JSON to C:\JMeter\DemoBlaze\reports\baseline\html\statistics.json
2026-03-15 21:46:22,572 INFO o.a.j.r.d.ReportGenerator: Exporting data using exporter:'html' of className:'org.apache.jmeter.report.dashboard.HtmlTemplateExporter'
2026-03-15 21:46:22,576 INFO o.a.j.r.d.HtmlTemplateExporter: Will generate dashboard in folder: C:\JMeter\DemoBlaze\reports\baseline\html
2026-03-15 21:46:22,722 INFO o.a.j.r.d.HtmlTemplateExporter: Report will be generated in: C:\JMeter\DemoBlaze\reports\baseline\html, creating folder structure
2026-03-15 21:46:22,722 INFO o.a.j.r.d.TemplateVisitor: Copying folder from 'C:\JMeter\apache-jmeter-5.6.3\bin\report-template' to 'C:\JMeter\DemoBlaze\reports\baseline\html', got message: C:\JMeter\DemoBlaze\reports\baseline\html, found non empty folder with following content [C:\JMeter\DemoBlaze\reports\baseline\html\statistics.json], will be ignored
2026-03-15 21:46:23,157 INFO o.a.j.JMeter: Dashboard generated
